<?xml version="1.0" encoding="utf-8"?><testsuites name="pytest tests"><testsuite name="pytest" errors="0" failures="0" skipped="0" tests="6" time="1.488" timestamp="2026-09-22T13:37:16.729763+00:00" hostname="agent-env-0a7f0ed2-a2d3-4554-b523-9680dfe87e27"><testcase classname="tests.test_backend_short_smoke" name="test_public_api_and_static_audio_smoke" time="0.748" /><testcase classname="tests.test_backend_short_smoke" name="test_zombie_distance_modes_idle_attack_and_pursuit_end" time="0.000" /><testcase classname="tests.test_backend_short_smoke" name="test_world_enterable_points_and_interior_mapping" time="0.000" /><testcase classname="tests.test_backend_short_smoke" name="test_interior_has_no_invulnerability_when_unprotected" time="0.000" /><testcase classname="tests.test_backend_short_smoke" name="test_combat_projectiles_fire_and_ammo" time="0.000" /><testcase classname="tests.test_backend_short_smoke" name="test_audio_assets_hashes_and_credits" time="0.001" /></testsuite></testsuites>